2018-10-30 15:30:04 EXEC TRACE - Model executor started.
2018-10-30 15:30:06 EXEC TRACE - Gearbox@obj0 leaves initial:Init
2018-10-30 15:30:06 EXEC TRACE - Gearbox@obj0 uses transition:Init_Neutral
2018-10-30 15:30:06 EXEC TRACE - Gearbox@obj0 enters state:Neutral
2018-10-30 15:30:06 EXEC TRACE - Engine@obj1 leaves initial:Init
2018-10-30 15:30:06 EXEC TRACE - Engine@obj1 uses transition:Init_Stopped
2018-10-30 15:30:06 EXEC TRACE - Engine@obj1 enters state:Stopped
2018-10-30 15:30:06 EXEC TRACE - Lamp@obj2 leaves initial:Init
2018-10-30 15:30:06 EXEC TRACE - Lamp@obj2 uses transition:Init_Dark
2018-10-30 15:30:06 EXEC TRACE - Lamp@obj2 enters state:Dark
2018-10-30 15:30:07 USER  INFO - 
2018-10-30 15:30:07 EXEC TRACE - Lamp@obj2 processes signal:SwitchLight
2018-10-30 15:30:07 EXEC TRACE - Lamp@obj2 leaves state:Dark
2018-10-30 15:30:07 EXEC TRACE - Lamp@obj2 uses transition:Dark_Light
2018-10-30 15:30:07 EXEC TRACE - Lamp@obj2 enters state:Light
2018-10-30 15:30:07 USER  INFO - 
2018-10-30 15:30:07 EXEC TRACE - Lamp@obj2 processes signal:SwitchLight
2018-10-30 15:30:07 EXEC TRACE - Lamp@obj2 leaves state:Light
2018-10-30 15:30:07 EXEC TRACE - Lamp@obj2 uses transition:Light_Dark
2018-10-30 15:30:07 EXEC TRACE - Lamp@obj2 enters state:Dark
2018-10-30 15:30:07 USER  INFO - 
2018-10-30 15:30:07 EXEC TRACE - Lamp@obj2 processes signal:SwitchLight
2018-10-30 15:30:07 EXEC TRACE - Lamp@obj2 leaves state:Dark
2018-10-30 15:30:07 EXEC TRACE - Lamp@obj2 uses transition:Dark_Light
2018-10-30 15:30:07 EXEC TRACE - Lamp@obj2 enters state:Light
2018-10-30 15:30:07 USER  INFO - 
2018-10-30 15:30:07 EXEC TRACE - Gearbox@obj0 processes signal:Forward
2018-10-30 15:30:07 EXEC TRACE - Gearbox@obj0 leaves state:Neutral
2018-10-30 15:30:07 EXEC TRACE - Gearbox@obj0 uses transition:Neutral_Forwards
2018-10-30 15:30:07 EXEC TRACE - Gearbox@obj0 enters composite_state:Forwards
2018-10-30 15:30:07 EXEC TRACE - Gearbox@obj0 enters initial:FInit
2018-10-30 15:30:07 EXEC TRACE - Gearbox@obj0 leaves initial:FInit
2018-10-30 15:30:07 EXEC TRACE - Gearbox@obj0 uses transition:FInit_F1
2018-10-30 15:30:07 EXEC TRACE - Gearbox@obj0 enters state:F1
2018-10-30 15:30:07 EXEC TRACE - Engine@obj1 processes signal:EngineOn
2018-10-30 15:30:07 EXEC TRACE - Engine@obj1 leaves state:Stopped
2018-10-30 15:30:07 EXEC TRACE - Engine@obj1 uses transition:Stopped_Working
2018-10-30 15:30:07 EXEC TRACE - Engine@obj1 enters state:Working
2018-10-30 15:30:07 USER  INFO - 
2018-10-30 15:30:07 EXEC TRACE - Gearbox@obj0 processes signal:Backward
2018-10-30 15:30:07 EXEC TRACE - Gearbox@obj0 leaves state:F1
2018-10-30 15:30:07 EXEC TRACE - Gearbox@obj0 leaves composite_state:Forwards
2018-10-30 15:30:07 EXEC TRACE - Gearbox@obj0 uses transition:Forwards_Neutral
2018-10-30 15:30:07 EXEC TRACE - Gearbox@obj0 enters state:Neutral
2018-10-30 15:30:07 EXEC TRACE - Engine@obj1 processes signal:EngineOff
2018-10-30 15:30:07 EXEC TRACE - Engine@obj1 leaves state:Working
2018-10-30 15:30:07 EXEC TRACE - Engine@obj1 uses transition:Working_Stopped
2018-10-30 15:30:07 EXEC TRACE - Engine@obj1 enters state:Stopped
2018-10-30 15:30:07 EXEC TRACE - Lamp@obj2 processes signal:LightOff
2018-10-30 15:30:07 EXEC TRACE - Lamp@obj2 leaves state:Light
2018-10-30 15:30:07 EXEC TRACE - Lamp@obj2 uses transition:Light_Dark2
2018-10-30 15:30:07 EXEC TRACE - Lamp@obj2 enters state:Dark
2018-10-30 15:30:07 USER  INFO - 
2018-10-30 15:30:07 EXEC TRACE - Gearbox@obj0 processes signal:Forward
2018-10-30 15:30:07 EXEC TRACE - Gearbox@obj0 leaves state:Neutral
2018-10-30 15:30:07 EXEC TRACE - Gearbox@obj0 uses transition:Neutral_Forwards
2018-10-30 15:30:07 EXEC TRACE - Gearbox@obj0 enters composite_state:Forwards
2018-10-30 15:30:07 EXEC TRACE - Gearbox@obj0 enters initial:FInit
2018-10-30 15:30:07 EXEC TRACE - Gearbox@obj0 leaves initial:FInit
2018-10-30 15:30:07 EXEC TRACE - Gearbox@obj0 uses transition:FInit_F1
2018-10-30 15:30:07 EXEC TRACE - Gearbox@obj0 enters state:F1
2018-10-30 15:30:07 EXEC TRACE - Engine@obj1 processes signal:EngineOn
2018-10-30 15:30:07 EXEC TRACE - Engine@obj1 leaves state:Stopped
2018-10-30 15:30:07 EXEC TRACE - Engine@obj1 uses transition:Stopped_Working
2018-10-30 15:30:07 EXEC TRACE - Engine@obj1 enters state:Working
2018-10-30 15:30:07 USER  INFO - 
2018-10-30 15:30:07 EXEC TRACE - Gearbox@obj0 processes signal:Backward
2018-10-30 15:30:07 EXEC TRACE - Gearbox@obj0 leaves state:F1
2018-10-30 15:30:07 EXEC TRACE - Gearbox@obj0 leaves composite_state:Forwards
2018-10-30 15:30:07 EXEC TRACE - Gearbox@obj0 uses transition:Forwards_Neutral
2018-10-30 15:30:07 EXEC TRACE - Gearbox@obj0 enters state:Neutral
2018-10-30 15:30:07 EXEC TRACE - Engine@obj1 processes signal:EngineOff
2018-10-30 15:30:07 EXEC TRACE - Engine@obj1 leaves state:Working
2018-10-30 15:30:07 EXEC TRACE - Engine@obj1 uses transition:Working_Stopped
2018-10-30 15:30:07 EXEC TRACE - Engine@obj1 enters state:Stopped
2018-10-30 15:30:07 EXEC TRACE - Lamp@obj2 processes signal:LightOff
2018-10-30 15:30:07 EXEC  WARN - A signal arrived to model object Lamp@obj2 but it was not processed by the object's state machine. The signal was: signal:LightOff
2018-10-30 15:30:08 USER  INFO - 
2018-10-30 15:30:08 EXEC TRACE - Gearbox@obj0 processes signal:Forward
2018-10-30 15:30:08 EXEC TRACE - Gearbox@obj0 leaves state:Neutral
2018-10-30 15:30:08 EXEC TRACE - Gearbox@obj0 uses transition:Neutral_Forwards
2018-10-30 15:30:08 EXEC TRACE - Gearbox@obj0 enters composite_state:Forwards
2018-10-30 15:30:08 EXEC TRACE - Gearbox@obj0 enters initial:FInit
2018-10-30 15:30:08 EXEC TRACE - Gearbox@obj0 leaves initial:FInit
2018-10-30 15:30:08 EXEC TRACE - Gearbox@obj0 uses transition:FInit_F1
2018-10-30 15:30:08 EXEC TRACE - Gearbox@obj0 enters state:F1
2018-10-30 15:30:08 EXEC TRACE - Engine@obj1 processes signal:EngineOn
2018-10-30 15:30:08 EXEC TRACE - Engine@obj1 leaves state:Stopped
2018-10-30 15:30:08 EXEC TRACE - Engine@obj1 uses transition:Stopped_Working
2018-10-30 15:30:08 EXEC TRACE - Engine@obj1 enters state:Working
2018-10-30 15:30:08 USER  INFO - 
2018-10-30 15:30:08 EXEC TRACE - Gearbox@obj0 processes signal:Backward
2018-10-30 15:30:08 EXEC TRACE - Gearbox@obj0 leaves state:F1
2018-10-30 15:30:08 EXEC TRACE - Gearbox@obj0 leaves composite_state:Forwards
2018-10-30 15:30:08 EXEC TRACE - Gearbox@obj0 uses transition:Forwards_Neutral
2018-10-30 15:30:08 EXEC TRACE - Gearbox@obj0 enters state:Neutral
2018-10-30 15:30:08 EXEC TRACE - Engine@obj1 processes signal:EngineOff
2018-10-30 15:30:08 EXEC TRACE - Engine@obj1 leaves state:Working
2018-10-30 15:30:08 EXEC TRACE - Engine@obj1 uses transition:Working_Stopped
2018-10-30 15:30:08 EXEC TRACE - Engine@obj1 enters state:Stopped
2018-10-30 15:30:08 EXEC TRACE - Lamp@obj2 processes signal:LightOff
2018-10-30 15:30:08 EXEC  WARN - A signal arrived to model object Lamp@obj2 but it was not processed by the object's state machine. The signal was: signal:LightOff
2018-10-30 15:30:08 EXEC TRACE - Model executor terminated.
2018-10-30 15:30:43 EXEC TRACE - Model executor started.
2018-10-30 15:30:45 EXEC TRACE - Gearbox@obj0 leaves initial:Init
2018-10-30 15:30:45 EXEC TRACE - Gearbox@obj0 uses transition:Init_Neutral
2018-10-30 15:30:45 EXEC TRACE - Gearbox@obj0 enters state:Neutral
2018-10-30 15:30:45 EXEC TRACE - Engine@obj1 leaves initial:Init
2018-10-30 15:30:45 EXEC TRACE - Engine@obj1 uses transition:Init_Stopped
2018-10-30 15:30:45 EXEC TRACE - Engine@obj1 enters state:Stopped
2018-10-30 15:30:45 EXEC TRACE - Lamp@obj2 leaves initial:Init
2018-10-30 15:30:45 EXEC TRACE - Lamp@obj2 uses transition:Init_Dark
2018-10-30 15:30:45 EXEC TRACE - Lamp@obj2 enters state:Dark
2018-10-30 15:30:45 USER  INFO - 
2018-10-30 15:30:45 EXEC TRACE - Lamp@obj2 processes signal:SwitchLight
2018-10-30 15:30:45 EXEC TRACE - Lamp@obj2 leaves state:Dark
2018-10-30 15:30:45 EXEC TRACE - Lamp@obj2 uses transition:Dark_Light
2018-10-30 15:30:45 EXEC TRACE - Lamp@obj2 enters state:Light
2018-10-30 15:30:45 USER  INFO - 
2018-10-30 15:30:45 EXEC TRACE - Lamp@obj2 processes signal:SwitchLight
2018-10-30 15:30:45 EXEC TRACE - Lamp@obj2 leaves state:Light
2018-10-30 15:30:45 EXEC TRACE - Lamp@obj2 uses transition:Light_Dark
2018-10-30 15:30:45 EXEC TRACE - Lamp@obj2 enters state:Dark
2018-10-30 15:30:45 USER  INFO - 
2018-10-30 15:30:45 EXEC TRACE - Lamp@obj2 processes signal:SwitchLight
2018-10-30 15:30:45 EXEC TRACE - Lamp@obj2 leaves state:Dark
2018-10-30 15:30:45 EXEC TRACE - Lamp@obj2 uses transition:Dark_Light
2018-10-30 15:30:45 EXEC TRACE - Lamp@obj2 enters state:Light
2018-10-30 15:30:46 USER  INFO - 
2018-10-30 15:30:46 EXEC TRACE - Gearbox@obj0 processes signal:Forward
2018-10-30 15:30:46 EXEC TRACE - Gearbox@obj0 leaves state:Neutral
2018-10-30 15:30:46 EXEC TRACE - Gearbox@obj0 uses transition:Neutral_Forwards
2018-10-30 15:30:46 EXEC TRACE - Gearbox@obj0 enters composite_state:Forwards
2018-10-30 15:30:46 EXEC TRACE - Gearbox@obj0 enters initial:FInit
2018-10-30 15:30:46 EXEC TRACE - Gearbox@obj0 leaves initial:FInit
2018-10-30 15:30:46 EXEC TRACE - Gearbox@obj0 uses transition:FInit_F1
2018-10-30 15:30:46 EXEC TRACE - Gearbox@obj0 enters state:F1
2018-10-30 15:30:46 EXEC TRACE - Engine@obj1 processes signal:EngineOn
2018-10-30 15:30:46 EXEC TRACE - Engine@obj1 leaves state:Stopped
2018-10-30 15:30:46 EXEC TRACE - Engine@obj1 uses transition:Stopped_Working
2018-10-30 15:30:46 EXEC TRACE - Engine@obj1 enters state:Working
2018-10-30 15:30:46 USER  INFO - 
2018-10-30 15:30:46 EXEC TRACE - Gearbox@obj0 processes signal:Backward
2018-10-30 15:30:46 EXEC TRACE - Gearbox@obj0 leaves state:F1
2018-10-30 15:30:46 EXEC TRACE - Gearbox@obj0 leaves composite_state:Forwards
2018-10-30 15:30:46 EXEC TRACE - Gearbox@obj0 uses transition:Forwards_Neutral
2018-10-30 15:30:46 EXEC TRACE - Gearbox@obj0 enters state:Neutral
2018-10-30 15:30:46 EXEC TRACE - Engine@obj1 processes signal:EngineOff
2018-10-30 15:30:46 EXEC TRACE - Engine@obj1 leaves state:Working
2018-10-30 15:30:46 EXEC TRACE - Engine@obj1 uses transition:Working_Stopped
2018-10-30 15:30:46 EXEC TRACE - Engine@obj1 enters state:Stopped
2018-10-30 15:30:46 EXEC TRACE - Lamp@obj2 processes signal:LightOff
2018-10-30 15:30:46 EXEC TRACE - Lamp@obj2 leaves state:Light
2018-10-30 15:30:46 EXEC TRACE - Lamp@obj2 uses transition:Light_Dark2
2018-10-30 15:30:46 EXEC TRACE - Lamp@obj2 enters state:Dark
2018-10-30 15:30:46 USER  INFO - 
2018-10-30 15:30:46 EXEC TRACE - Gearbox@obj0 processes signal:Forward
2018-10-30 15:30:46 EXEC TRACE - Gearbox@obj0 leaves state:Neutral
2018-10-30 15:30:46 EXEC TRACE - Gearbox@obj0 uses transition:Neutral_Forwards
2018-10-30 15:30:46 EXEC TRACE - Gearbox@obj0 enters composite_state:Forwards
2018-10-30 15:30:46 EXEC TRACE - Gearbox@obj0 enters initial:FInit
2018-10-30 15:30:46 EXEC TRACE - Gearbox@obj0 leaves initial:FInit
2018-10-30 15:30:46 EXEC TRACE - Gearbox@obj0 uses transition:FInit_F1
2018-10-30 15:30:46 EXEC TRACE - Gearbox@obj0 enters state:F1
2018-10-30 15:30:46 EXEC TRACE - Engine@obj1 processes signal:EngineOn
2018-10-30 15:30:46 EXEC TRACE - Engine@obj1 leaves state:Stopped
2018-10-30 15:30:46 EXEC TRACE - Engine@obj1 uses transition:Stopped_Working
2018-10-30 15:30:46 EXEC TRACE - Engine@obj1 enters state:Working
2018-10-30 15:30:46 USER  INFO - 
2018-10-30 15:30:46 EXEC TRACE - Gearbox@obj0 processes signal:Backward
2018-10-30 15:30:46 EXEC TRACE - Gearbox@obj0 leaves state:F1
2018-10-30 15:30:46 EXEC TRACE - Gearbox@obj0 leaves composite_state:Forwards
2018-10-30 15:30:46 EXEC TRACE - Gearbox@obj0 uses transition:Forwards_Neutral
2018-10-30 15:30:46 EXEC TRACE - Gearbox@obj0 enters state:Neutral
2018-10-30 15:30:46 EXEC TRACE - Engine@obj1 processes signal:EngineOff
2018-10-30 15:30:46 EXEC TRACE - Engine@obj1 leaves state:Working
2018-10-30 15:30:46 EXEC TRACE - Engine@obj1 uses transition:Working_Stopped
2018-10-30 15:30:46 EXEC TRACE - Engine@obj1 enters state:Stopped
2018-10-30 15:30:46 EXEC TRACE - Lamp@obj2 processes signal:LightOff
2018-10-30 15:30:46 EXEC  WARN - A signal arrived to model object Lamp@obj2 but it was not processed by the object's state machine. The signal was: signal:LightOff
2018-10-30 15:30:47 USER  INFO - 
2018-10-30 15:30:47 EXEC TRACE - Gearbox@obj0 processes signal:Forward
2018-10-30 15:30:47 EXEC TRACE - Gearbox@obj0 leaves state:Neutral
2018-10-30 15:30:47 EXEC TRACE - Gearbox@obj0 uses transition:Neutral_Forwards
2018-10-30 15:30:47 EXEC TRACE - Gearbox@obj0 enters composite_state:Forwards
2018-10-30 15:30:47 EXEC TRACE - Gearbox@obj0 enters initial:FInit
2018-10-30 15:30:47 EXEC TRACE - Gearbox@obj0 leaves initial:FInit
2018-10-30 15:30:47 EXEC TRACE - Gearbox@obj0 uses transition:FInit_F1
2018-10-30 15:30:47 EXEC TRACE - Gearbox@obj0 enters state:F1
2018-10-30 15:30:47 EXEC TRACE - Engine@obj1 processes signal:EngineOn
2018-10-30 15:30:47 EXEC TRACE - Engine@obj1 leaves state:Stopped
2018-10-30 15:30:47 EXEC TRACE - Engine@obj1 uses transition:Stopped_Working
2018-10-30 15:30:47 EXEC TRACE - Engine@obj1 enters state:Working
2018-10-30 15:30:47 USER  INFO - 
2018-10-30 15:30:47 EXEC TRACE - Gearbox@obj0 processes signal:Backward
2018-10-30 15:30:47 EXEC TRACE - Gearbox@obj0 leaves state:F1
2018-10-30 15:30:47 EXEC TRACE - Gearbox@obj0 leaves composite_state:Forwards
2018-10-30 15:30:47 EXEC TRACE - Gearbox@obj0 uses transition:Forwards_Neutral
2018-10-30 15:30:47 EXEC TRACE - Gearbox@obj0 enters state:Neutral
2018-10-30 15:30:47 EXEC TRACE - Engine@obj1 processes signal:EngineOff
2018-10-30 15:30:47 EXEC TRACE - Engine@obj1 leaves state:Working
2018-10-30 15:30:47 EXEC TRACE - Engine@obj1 uses transition:Working_Stopped
2018-10-30 15:30:47 EXEC TRACE - Engine@obj1 enters state:Stopped
2018-10-30 15:30:47 EXEC TRACE - Lamp@obj2 processes signal:LightOff
2018-10-30 15:30:47 EXEC  WARN - A signal arrived to model object Lamp@obj2 but it was not processed by the object's state machine. The signal was: signal:LightOff
2018-10-30 15:30:47 EXEC TRACE - Model executor terminated.
2018-11-01 09:58:04 SYS   INFO - txtUML diagnostics connection is set on socket port 13518 and HTTP port 13517 for service instance 0x7ba6f746
2018-11-01 09:58:05 EXEC TRACE - Model executor started.
2018-11-01 09:58:06 EXEC TRACE - Gearbox@obj0 leaves initial:Init
2018-11-01 09:58:08 EXEC TRACE - Gearbox@obj0 uses transition:Init_Neutral
2018-11-01 09:58:09 EXEC TRACE - Gearbox@obj0 enters state:Neutral
2018-11-01 09:58:10 EXEC TRACE - Engine@obj1 leaves initial:Init
2018-11-01 09:58:11 EXEC TRACE - Engine@obj1 uses transition:Init_Stopped
2018-11-01 09:58:12 EXEC TRACE - Engine@obj1 enters state:Stopped
2018-11-01 09:58:13 EXEC TRACE - Lamp@obj2 leaves initial:Init
2018-11-01 09:58:14 EXEC TRACE - Lamp@obj2 uses transition:Init_Dark
2018-11-01 09:58:15 EXEC TRACE - Lamp@obj2 enters state:Dark
2018-11-01 09:58:16 USER  INFO - 
2018-11-01 09:58:16 EXEC TRACE - Lamp@obj2 processes signal:SwitchLight
2018-11-01 09:58:16 EXEC TRACE - Lamp@obj2 leaves state:Dark
2018-11-01 09:58:16 USER  INFO - 
2018-11-01 09:58:16 USER  INFO - 
2018-11-01 09:58:17 USER  INFO - 
2018-11-01 09:58:17 USER  INFO - 
2018-11-01 09:58:17 USER  INFO - 
2018-11-01 09:58:17 USER  INFO - 
2018-11-01 09:58:17 USER  INFO - 
2018-11-01 09:58:17 EXEC TRACE - Lamp@obj2 uses transition:Dark_Light
2018-11-01 09:58:17 USER  INFO - 
2018-11-01 09:58:18 EXEC TRACE - Lamp@obj2 enters state:Light
2018-11-01 09:58:19 EXEC TRACE - Lamp@obj2 processes signal:SwitchLight
2018-11-01 09:58:19 EXEC TRACE - Lamp@obj2 leaves state:Light
2018-11-01 09:58:20 EXEC TRACE - Lamp@obj2 uses transition:Light_Dark
2018-11-01 09:58:21 EXEC TRACE - Lamp@obj2 enters state:Dark
2018-11-01 09:58:22 EXEC TRACE - Lamp@obj2 processes signal:SwitchLight
2018-11-01 09:58:22 EXEC TRACE - Lamp@obj2 leaves state:Dark
2018-11-01 09:58:23 EXEC TRACE - Lamp@obj2 uses transition:Dark_Light
2018-11-01 09:58:25 EXEC TRACE - Lamp@obj2 enters state:Light
2018-11-01 09:58:26 EXEC TRACE - Gearbox@obj0 processes signal:Forward
2018-11-01 09:58:26 EXEC TRACE - Gearbox@obj0 leaves state:Neutral
2018-11-01 09:58:27 EXEC TRACE - Gearbox@obj0 uses transition:Neutral_Forwards
2018-11-01 09:58:28 EXEC TRACE - Gearbox@obj0 enters composite_state:Forwards
2018-11-01 09:58:29 EXEC TRACE - Gearbox@obj0 enters initial:FInit
2018-11-01 09:58:30 EXEC TRACE - Gearbox@obj0 leaves initial:FInit
2018-11-01 09:58:31 EXEC TRACE - Gearbox@obj0 uses transition:FInit_F1
2018-11-01 09:58:32 EXEC TRACE - Gearbox@obj0 enters state:F1
2018-11-01 09:58:33 EXEC TRACE - Gearbox@obj0 processes signal:Backward
2018-11-01 09:58:33 EXEC TRACE - Gearbox@obj0 leaves state:F1
2018-11-01 09:58:35 EXEC TRACE - Gearbox@obj0 leaves composite_state:Forwards
2018-11-01 09:58:38 EXEC TRACE - Gearbox@obj0 uses transition:Forwards_Neutral
2018-11-01 09:58:39 EXEC TRACE - Gearbox@obj0 enters state:Neutral
2018-11-01 09:58:40 EXEC TRACE - Gearbox@obj0 processes signal:Forward
2018-11-01 09:58:40 EXEC TRACE - Gearbox@obj0 leaves state:Neutral
2018-11-01 09:58:41 EXEC TRACE - Gearbox@obj0 uses transition:Neutral_Forwards
2018-11-01 09:58:42 EXEC TRACE - Gearbox@obj0 enters composite_state:Forwards
2018-11-01 09:58:44 EXEC TRACE - Gearbox@obj0 enters initial:FInit
2018-11-01 09:58:45 EXEC TRACE - Gearbox@obj0 leaves initial:FInit
2018-11-01 09:58:46 EXEC TRACE - Gearbox@obj0 uses transition:FInit_F1
2018-11-01 09:58:47 EXEC TRACE - Gearbox@obj0 enters state:F1
2018-11-01 09:58:48 EXEC TRACE - Gearbox@obj0 processes signal:Backward
2018-11-01 09:58:48 EXEC TRACE - Gearbox@obj0 leaves state:F1
2018-11-01 09:58:49 EXEC TRACE - Gearbox@obj0 leaves composite_state:Forwards
2018-11-01 09:58:50 EXEC TRACE - Gearbox@obj0 uses transition:Forwards_Neutral
2018-11-01 09:58:51 EXEC TRACE - Gearbox@obj0 enters state:Neutral
2018-11-01 09:58:52 EXEC TRACE - Gearbox@obj0 processes signal:Forward
2018-11-01 09:58:52 EXEC TRACE - Gearbox@obj0 leaves state:Neutral
2018-11-01 09:58:53 EXEC TRACE - Gearbox@obj0 uses transition:Neutral_Forwards
2018-11-01 09:58:54 EXEC TRACE - Gearbox@obj0 enters composite_state:Forwards
2018-11-01 09:58:55 EXEC TRACE - Gearbox@obj0 enters initial:FInit
2018-11-01 09:58:57 EXEC TRACE - Gearbox@obj0 leaves initial:FInit
2018-11-01 09:58:58 EXEC TRACE - Gearbox@obj0 uses transition:FInit_F1
2018-11-01 09:58:59 EXEC TRACE - Gearbox@obj0 enters state:F1
2018-11-01 09:59:00 EXEC TRACE - Gearbox@obj0 processes signal:Backward
2018-11-01 09:59:00 EXEC TRACE - Gearbox@obj0 leaves state:F1
2018-11-01 09:59:01 EXEC TRACE - Gearbox@obj0 leaves composite_state:Forwards
2018-11-01 09:59:02 EXEC TRACE - Gearbox@obj0 uses transition:Forwards_Neutral
2018-11-01 09:59:03 EXEC TRACE - Gearbox@obj0 enters state:Neutral
2018-11-01 09:59:04 EXEC TRACE - Engine@obj1 processes signal:EngineOn
2018-11-01 09:59:04 EXEC TRACE - Engine@obj1 leaves state:Stopped
2018-11-01 09:59:05 EXEC TRACE - Engine@obj1 uses transition:Stopped_Working
2018-11-01 09:59:06 EXEC TRACE - Engine@obj1 enters state:Working
2018-11-01 09:59:07 EXEC TRACE - Engine@obj1 processes signal:EngineOff
2018-11-01 09:59:07 EXEC TRACE - Engine@obj1 leaves state:Working
2018-11-01 09:59:08 EXEC TRACE - Engine@obj1 uses transition:Working_Stopped
2018-11-01 09:59:09 EXEC TRACE - Engine@obj1 enters state:Stopped
2018-11-01 09:59:10 EXEC TRACE - Lamp@obj2 processes signal:LightOff
2018-11-01 09:59:10 EXEC TRACE - Lamp@obj2 leaves state:Light
2018-11-01 09:59:12 EXEC TRACE - Lamp@obj2 uses transition:Light_Dark2
2018-11-01 09:59:13 EXEC TRACE - Lamp@obj2 enters state:Dark
2018-11-01 09:59:14 EXEC TRACE - Engine@obj1 processes signal:EngineOn
2018-11-01 09:59:14 EXEC TRACE - Engine@obj1 leaves state:Stopped
2018-11-01 09:59:15 EXEC TRACE - Engine@obj1 uses transition:Stopped_Working
2018-11-01 09:59:16 EXEC TRACE - Engine@obj1 enters state:Working
2018-11-01 09:59:17 EXEC TRACE - Engine@obj1 processes signal:EngineOff
2018-11-01 09:59:17 EXEC TRACE - Engine@obj1 leaves state:Working
2018-11-01 09:59:18 EXEC TRACE - Engine@obj1 uses transition:Working_Stopped
2018-11-01 09:59:19 EXEC TRACE - Engine@obj1 enters state:Stopped
2018-11-01 09:59:20 EXEC TRACE - Lamp@obj2 processes signal:LightOff
2018-11-01 09:59:20 EXEC  WARN - A signal arrived to model object Lamp@obj2 but it was not processed by the object's state machine. The signal was: signal:LightOff
2018-11-01 09:59:20 EXEC TRACE - Engine@obj1 processes signal:EngineOn
2018-11-01 09:59:20 EXEC TRACE - Engine@obj1 leaves state:Stopped
2018-11-01 09:59:21 EXEC TRACE - Engine@obj1 uses transition:Stopped_Working
2018-11-01 09:59:22 EXEC TRACE - Engine@obj1 enters state:Working
2018-11-01 09:59:23 EXEC TRACE - Engine@obj1 processes signal:EngineOff
2018-11-01 09:59:23 EXEC TRACE - Engine@obj1 leaves state:Working
2018-11-01 09:59:24 EXEC TRACE - Engine@obj1 uses transition:Working_Stopped
2018-11-01 09:59:26 EXEC TRACE - Engine@obj1 enters state:Stopped
2018-11-01 09:59:27 EXEC TRACE - Lamp@obj2 processes signal:LightOff
2018-11-01 09:59:27 EXEC  WARN - A signal arrived to model object Lamp@obj2 but it was not processed by the object's state machine. The signal was: signal:LightOff
2018-11-01 09:59:27 EXEC TRACE - Model executor terminated.
2018-11-01 10:02:08 SYS   INFO - txtUML diagnostics connection is set on socket port 14315 and HTTP port 14314 for service instance 0xe6b67a5
2018-11-01 10:02:09 EXEC TRACE - Model executor started.
2018-11-01 10:02:10 EXEC TRACE - Gearbox@obj0 leaves initial:Init
2018-11-01 10:02:12 EXEC TRACE - Gearbox@obj0 uses transition:Init_Neutral
2018-11-01 10:02:13 EXEC TRACE - Gearbox@obj0 enters state:Neutral
2018-11-01 10:02:14 EXEC TRACE - Engine@obj1 leaves initial:Init
2018-11-01 10:02:15 EXEC TRACE - Engine@obj1 uses transition:Init_Stopped
2018-11-01 10:02:16 EXEC TRACE - Engine@obj1 enters state:Stopped
2018-11-01 10:02:17 EXEC TRACE - Lamp@obj2 leaves initial:Init
2018-11-01 10:02:19 EXEC TRACE - Lamp@obj2 uses transition:Init_Dark
2018-11-01 10:02:20 EXEC TRACE - Lamp@obj2 enters state:Dark
2018-11-01 10:02:21 USER  INFO - 
2018-11-01 10:02:21 EXEC TRACE - Lamp@obj2 processes signal:SwitchLight
2018-11-01 10:02:21 EXEC TRACE - Lamp@obj2 leaves state:Dark
2018-11-01 10:02:21 USER  INFO - 
2018-11-01 10:02:21 USER  INFO - 
2018-11-01 10:02:21 USER  INFO - 
2018-11-01 10:02:21 USER  INFO - 
2018-11-01 10:02:22 USER  INFO - 
2018-11-01 10:02:22 USER  INFO - 
2018-11-01 10:02:22 EXEC TRACE - Lamp@obj2 uses transition:Dark_Light
2018-11-01 10:02:22 USER  INFO - 
2018-11-01 10:02:22 USER  INFO - 
2018-11-01 10:02:23 EXEC TRACE - Lamp@obj2 enters state:Light
2018-11-01 10:02:24 EXEC TRACE - Lamp@obj2 processes signal:SwitchLight
2018-11-01 10:02:24 EXEC TRACE - Lamp@obj2 leaves state:Light
2018-11-01 10:02:25 EXEC TRACE - Lamp@obj2 uses transition:Light_Dark
2018-11-01 10:02:26 EXEC TRACE - Lamp@obj2 enters state:Dark
2018-11-01 10:02:27 EXEC TRACE - Lamp@obj2 processes signal:SwitchLight
2018-11-01 10:02:27 EXEC TRACE - Lamp@obj2 leaves state:Dark
2018-11-01 10:02:28 EXEC TRACE - Lamp@obj2 uses transition:Dark_Light
2018-11-01 10:02:29 EXEC TRACE - Lamp@obj2 enters state:Light
2018-11-01 10:02:30 EXEC TRACE - Gearbox@obj0 processes signal:Forward
2018-11-01 10:02:30 EXEC TRACE - Gearbox@obj0 leaves state:Neutral
2018-11-01 10:02:31 EXEC TRACE - Gearbox@obj0 uses transition:Neutral_Forwards
2018-11-01 10:02:32 EXEC TRACE - Gearbox@obj0 enters composite_state:Forwards
2018-11-01 10:02:34 EXEC TRACE - Gearbox@obj0 enters initial:FInit
2018-11-01 10:02:36 EXEC TRACE - Gearbox@obj0 leaves initial:FInit
2018-11-01 10:02:38 EXEC TRACE - Gearbox@obj0 uses transition:FInit_F1
2018-11-01 10:02:39 EXEC TRACE - Gearbox@obj0 enters state:F1
2018-11-01 10:02:41 EXEC TRACE - Gearbox@obj0 processes signal:Backward
2018-11-01 10:02:41 EXEC TRACE - Gearbox@obj0 leaves state:F1
2018-11-01 10:02:43 EXEC TRACE - Gearbox@obj0 leaves composite_state:Forwards
2018-11-01 10:02:44 EXEC TRACE - Gearbox@obj0 uses transition:Forwards_Neutral
2018-11-01 10:02:46 EXEC TRACE - Gearbox@obj0 enters state:Neutral
2018-11-01 10:02:48 EXEC TRACE - Gearbox@obj0 processes signal:Forward
2018-11-01 10:02:48 EXEC TRACE - Gearbox@obj0 leaves state:Neutral
2018-11-01 10:02:49 EXEC TRACE - Gearbox@obj0 uses transition:Neutral_Forwards
2018-11-01 10:02:51 EXEC TRACE - Gearbox@obj0 enters composite_state:Forwards
2018-11-01 10:02:53 EXEC TRACE - Gearbox@obj0 enters initial:FInit
2018-11-01 10:02:55 EXEC TRACE - Gearbox@obj0 leaves initial:FInit
2018-11-01 10:02:56 EXEC TRACE - Gearbox@obj0 uses transition:FInit_F1
2018-11-01 10:02:58 EXEC TRACE - Gearbox@obj0 enters state:F1
2018-11-01 10:02:59 EXEC TRACE - Gearbox@obj0 processes signal:Backward
2018-11-01 10:03:01 EXEC TRACE - Gearbox@obj0 leaves state:F1
2018-11-01 10:03:02 EXEC TRACE - Gearbox@obj0 leaves composite_state:Forwards
2018-11-01 10:03:03 EXEC TRACE - Gearbox@obj0 uses transition:Forwards_Neutral
2018-11-01 10:03:05 EXEC TRACE - Gearbox@obj0 enters state:Neutral
2018-11-01 10:03:07 EXEC TRACE - Gearbox@obj0 processes signal:Forward
2018-11-01 10:03:07 EXEC TRACE - Gearbox@obj0 leaves state:Neutral
2018-11-01 10:03:08 EXEC TRACE - Gearbox@obj0 uses transition:Neutral_Forwards
2018-11-01 10:03:09 EXEC TRACE - Gearbox@obj0 enters composite_state:Forwards
2018-11-01 10:03:11 EXEC TRACE - Gearbox@obj0 enters initial:FInit
2018-11-01 10:03:12 EXEC TRACE - Gearbox@obj0 leaves initial:FInit
2018-11-01 10:03:13 EXEC TRACE - Gearbox@obj0 uses transition:FInit_F1
2018-11-01 10:03:14 EXEC TRACE - Gearbox@obj0 enters state:F1
2018-11-01 10:03:15 EXEC TRACE - Gearbox@obj0 processes signal:Backward
2018-11-01 10:03:15 EXEC TRACE - Gearbox@obj0 leaves state:F1
2018-11-01 10:03:16 EXEC TRACE - Gearbox@obj0 leaves composite_state:Forwards
2018-11-01 10:03:17 EXEC TRACE - Gearbox@obj0 uses transition:Forwards_Neutral
2018-11-01 10:03:18 EXEC TRACE - Gearbox@obj0 enters state:Neutral
2018-11-01 10:03:19 EXEC TRACE - Engine@obj1 processes signal:EngineOn
2018-11-01 10:03:19 EXEC TRACE - Engine@obj1 leaves state:Stopped
2018-11-01 10:03:21 EXEC TRACE - Engine@obj1 uses transition:Stopped_Working
2018-11-01 10:03:22 EXEC TRACE - Engine@obj1 enters state:Working
2018-11-01 10:03:23 EXEC TRACE - Engine@obj1 processes signal:EngineOff
2018-11-01 10:03:23 EXEC TRACE - Engine@obj1 leaves state:Working
2018-11-01 10:03:24 EXEC TRACE - Engine@obj1 uses transition:Working_Stopped
2018-11-01 10:03:26 EXEC TRACE - Engine@obj1 enters state:Stopped
2018-11-01 10:03:30 EXEC TRACE - Lamp@obj2 processes signal:LightOff
2018-11-01 10:03:30 EXEC TRACE - Lamp@obj2 leaves state:Light
2018-11-01 10:03:31 EXEC TRACE - Lamp@obj2 uses transition:Light_Dark2
2018-11-01 10:03:32 EXEC TRACE - Lamp@obj2 enters state:Dark
2018-11-01 10:03:33 EXEC TRACE - Engine@obj1 processes signal:EngineOn
2018-11-01 10:03:33 EXEC TRACE - Engine@obj1 leaves state:Stopped
2018-11-01 10:03:34 EXEC TRACE - Engine@obj1 uses transition:Stopped_Working
2018-11-01 10:03:35 EXEC TRACE - Engine@obj1 enters state:Working
2018-11-01 10:03:36 EXEC TRACE - Engine@obj1 processes signal:EngineOff
2018-11-01 10:03:36 EXEC TRACE - Engine@obj1 leaves state:Working
2018-11-01 10:03:37 EXEC TRACE - Engine@obj1 uses transition:Working_Stopped
2018-11-01 10:03:38 EXEC TRACE - Engine@obj1 enters state:Stopped
2018-11-01 10:03:39 EXEC TRACE - Lamp@obj2 processes signal:LightOff
2018-11-01 10:03:39 EXEC  WARN - A signal arrived to model object Lamp@obj2 but it was not processed by the object's state machine. The signal was: signal:LightOff
2018-11-01 10:03:39 EXEC TRACE - Engine@obj1 processes signal:EngineOn
2018-11-01 10:03:39 EXEC TRACE - Engine@obj1 leaves state:Stopped
2018-11-01 10:03:40 EXEC TRACE - Engine@obj1 uses transition:Stopped_Working
2018-11-01 10:03:41 EXEC TRACE - Engine@obj1 enters state:Working
2018-11-01 10:03:42 EXEC TRACE - Engine@obj1 processes signal:EngineOff
2018-11-01 10:03:42 EXEC TRACE - Engine@obj1 leaves state:Working
2018-11-01 10:03:44 EXEC TRACE - Engine@obj1 uses transition:Working_Stopped
2018-11-01 10:03:45 EXEC TRACE - Engine@obj1 enters state:Stopped
2018-11-01 10:03:46 EXEC TRACE - Lamp@obj2 processes signal:LightOff
2018-11-01 10:03:46 EXEC  WARN - A signal arrived to model object Lamp@obj2 but it was not processed by the object's state machine. The signal was: signal:LightOff
2018-11-01 10:03:46 EXEC TRACE - Model executor terminated.
2018-11-01 10:23:17 SYS   INFO - txtUML diagnostics connection is set on socket port 19617 and HTTP port 19616 for service instance 0x961037e6
2018-11-01 10:23:17 EXEC TRACE - Model executor started.
2018-11-01 10:23:19 EXEC TRACE - Gearbox@obj0 leaves initial:Init
2018-11-01 10:23:20 EXEC TRACE - Gearbox@obj0 uses transition:Init_Neutral
2018-11-01 10:23:21 EXEC TRACE - Gearbox@obj0 enters state:Neutral
2018-11-01 10:23:22 EXEC TRACE - Engine@obj1 leaves initial:Init
2018-11-01 10:23:23 EXEC TRACE - Engine@obj1 uses transition:Init_Stopped
2018-11-01 10:23:24 EXEC TRACE - Engine@obj1 enters state:Stopped
2018-11-01 10:23:25 EXEC TRACE - Lamp@obj2 leaves initial:Init
2018-11-01 10:23:26 EXEC TRACE - Lamp@obj2 uses transition:Init_Dark
2018-11-01 10:23:27 EXEC TRACE - Lamp@obj2 enters state:Dark
2018-11-01 10:23:28 USER  INFO - 
2018-11-01 10:23:28 EXEC TRACE - Lamp@obj2 processes signal:SwitchLight
2018-11-01 10:23:28 EXEC TRACE - Lamp@obj2 leaves state:Dark
2018-11-01 10:23:28 USER  INFO - 
2018-11-01 10:23:28 USER  INFO - 
2018-11-01 10:23:29 USER  INFO - 
2018-11-01 10:23:29 USER  INFO - 
2018-11-01 10:23:29 USER  INFO - 
2018-11-01 10:23:29 USER  INFO - 
2018-11-01 10:23:29 USER  INFO - 
2018-11-01 10:23:29 USER  INFO - 
2018-11-01 10:23:29 EXEC TRACE - Lamp@obj2 uses transition:Dark_Light
2018-11-01 10:23:30 EXEC TRACE - Lamp@obj2 enters state:Light
2018-11-01 10:23:31 EXEC TRACE - Lamp@obj2 processes signal:SwitchLight
2018-11-01 10:23:32 EXEC TRACE - Lamp@obj2 leaves state:Light
2018-11-01 10:23:33 EXEC TRACE - Lamp@obj2 uses transition:Light_Dark
2018-11-01 10:23:35 EXEC TRACE - Lamp@obj2 enters state:Dark
2018-11-01 10:23:36 EXEC TRACE - Lamp@obj2 processes signal:SwitchLight
2018-11-01 10:23:37 EXEC TRACE - Lamp@obj2 leaves state:Dark
2018-11-01 10:23:38 EXEC TRACE - Lamp@obj2 uses transition:Dark_Light
2018-11-01 10:23:39 EXEC TRACE - Lamp@obj2 enters state:Light
2018-11-01 10:23:41 EXEC TRACE - Gearbox@obj0 processes signal:Forward
2018-11-01 10:23:41 EXEC TRACE - Gearbox@obj0 leaves state:Neutral
2018-11-01 10:23:43 EXEC TRACE - Gearbox@obj0 uses transition:Neutral_Forwards
2018-11-01 10:23:44 EXEC TRACE - Gearbox@obj0 enters composite_state:Forwards
2018-11-01 10:23:46 EXEC TRACE - Gearbox@obj0 enters initial:FInit
2018-11-01 10:23:48 EXEC TRACE - Gearbox@obj0 leaves initial:FInit
2018-11-01 10:23:50 EXEC TRACE - Gearbox@obj0 uses transition:FInit_F1
2018-11-01 10:23:51 EXEC TRACE - Gearbox@obj0 enters state:F1
2018-11-01 10:23:53 EXEC TRACE - Gearbox@obj0 processes signal:Backward
2018-11-01 10:23:54 EXEC TRACE - Gearbox@obj0 leaves state:F1
2018-11-01 10:23:55 EXEC TRACE - Gearbox@obj0 leaves composite_state:Forwards
2018-11-05 16:20:34 SYS   INFO - txtUML diagnostics connection is set on socket port 5409 and HTTP port 5408 for service instance 0xb324fd4c
2018-11-05 16:20:34 EXEC TRACE - Model executor started.
2018-11-05 16:20:36 EXEC TRACE - Gearbox@obj0 leaves initial:Init
2018-11-05 16:20:37 EXEC TRACE - Gearbox@obj0 uses transition:Init_Neutral
2018-11-05 16:20:38 EXEC TRACE - Gearbox@obj0 enters state:Neutral
2018-11-05 16:20:39 EXEC TRACE - Engine@obj1 leaves initial:Init
2018-11-05 16:20:40 EXEC TRACE - Engine@obj1 uses transition:Init_Stopped
2018-11-05 16:20:42 EXEC TRACE - Engine@obj1 enters state:Stopped
2018-11-06 18:08:02 SYS   INFO - txtUML diagnostics connection is set on socket port 8433 and HTTP port 8432 for service instance 0xbc560b4d
2018-11-06 18:08:02 EXEC TRACE - Model executor started.
2018-11-06 18:08:03 EXEC TRACE - Gearbox@obj0 leaves initial:Init
2018-11-06 18:08:04 EXEC TRACE - Gearbox@obj0 uses transition:Init_Neutral
2018-11-06 18:08:05 EXEC TRACE - Gearbox@obj0 enters state:Neutral
2018-11-06 18:08:06 EXEC TRACE - Engine@obj1 leaves initial:Init
2018-11-06 18:08:07 EXEC TRACE - Engine@obj1 uses transition:Init_Stopped
2018-11-06 18:08:08 EXEC TRACE - Engine@obj1 enters state:Stopped
2018-11-06 18:08:09 EXEC TRACE - Lamp@obj2 leaves initial:Init
2018-11-06 18:08:10 EXEC TRACE - Lamp@obj2 uses transition:Init_Dark
2018-11-06 18:08:11 EXEC TRACE - Lamp@obj2 enters state:Dark
2018-11-06 18:08:12 USER  INFO - 
2018-11-06 18:08:12 EXEC TRACE - Lamp@obj2 processes signal:SwitchLight
2018-11-06 18:08:12 EXEC TRACE - Lamp@obj2 leaves state:Dark
2018-11-06 18:08:12 USER  INFO - 
2018-11-06 18:08:12 USER  INFO - 
2018-11-06 18:08:13 USER  INFO - 
2018-11-06 18:08:13 USER  INFO - 
2018-11-06 18:08:13 USER  INFO - 
2018-11-06 18:08:13 USER  INFO - 
2018-11-06 18:08:13 USER  INFO - 
2018-11-06 18:08:13 USER  INFO - 
2018-11-06 18:08:13 EXEC TRACE - Lamp@obj2 uses transition:Dark_Light
2018-11-06 18:08:14 EXEC TRACE - Lamp@obj2 enters state:Light
2018-11-06 18:08:15 EXEC TRACE - Lamp@obj2 processes signal:SwitchLight
2018-11-06 18:08:15 EXEC TRACE - Lamp@obj2 leaves state:Light
2018-11-06 18:08:16 EXEC TRACE - Lamp@obj2 uses transition:Light_Dark
2018-11-06 18:08:17 EXEC TRACE - Lamp@obj2 enters state:Dark
2018-11-06 18:08:18 EXEC TRACE - Lamp@obj2 processes signal:SwitchLight
2018-11-06 18:08:18 EXEC TRACE - Lamp@obj2 leaves state:Dark
2018-11-06 18:08:19 EXEC TRACE - Lamp@obj2 uses transition:Dark_Light
2018-11-06 18:08:20 EXEC TRACE - Lamp@obj2 enters state:Light
2018-11-06 18:08:22 EXEC TRACE - Gearbox@obj0 processes signal:Forward
2018-11-06 18:08:22 EXEC TRACE - Gearbox@obj0 leaves state:Neutral
2018-11-06 18:08:23 EXEC TRACE - Gearbox@obj0 uses transition:Neutral_Forwards
2018-11-06 18:08:24 EXEC TRACE - Gearbox@obj0 enters composite_state:Forwards
2018-11-06 18:08:25 EXEC TRACE - Gearbox@obj0 enters initial:FInit
2018-11-06 18:08:26 EXEC TRACE - Gearbox@obj0 leaves initial:FInit
2018-11-06 18:08:27 EXEC TRACE - Gearbox@obj0 uses transition:FInit_F1
2018-11-06 18:08:28 EXEC TRACE - Gearbox@obj0 enters state:F1
2018-11-06 18:08:29 EXEC TRACE - Gearbox@obj0 processes signal:Backward
2018-11-06 18:08:29 EXEC TRACE - Gearbox@obj0 leaves state:F1
2018-11-06 18:08:30 EXEC TRACE - Gearbox@obj0 leaves composite_state:Forwards
2018-11-06 18:08:31 EXEC TRACE - Gearbox@obj0 uses transition:Forwards_Neutral
2018-11-06 18:08:32 EXEC TRACE - Gearbox@obj0 enters state:Neutral
2018-11-06 18:08:33 EXEC TRACE - Gearbox@obj0 processes signal:Forward
2018-11-06 18:08:33 EXEC TRACE - Gearbox@obj0 leaves state:Neutral
2018-11-06 18:08:34 EXEC TRACE - Gearbox@obj0 uses transition:Neutral_Forwards
2018-11-06 18:08:35 EXEC TRACE - Gearbox@obj0 enters composite_state:Forwards
2018-11-06 18:08:36 EXEC TRACE - Gearbox@obj0 enters initial:FInit
2018-11-06 18:08:37 EXEC TRACE - Gearbox@obj0 leaves initial:FInit
2018-11-06 18:08:38 EXEC TRACE - Gearbox@obj0 uses transition:FInit_F1
2018-11-06 18:08:39 EXEC TRACE - Gearbox@obj0 enters state:F1
2018-11-06 18:08:40 EXEC TRACE - Gearbox@obj0 processes signal:Backward
2018-11-06 18:08:40 EXEC TRACE - Gearbox@obj0 leaves state:F1
2018-11-06 18:08:41 EXEC TRACE - Gearbox@obj0 leaves composite_state:Forwards
2018-11-06 18:08:42 EXEC TRACE - Gearbox@obj0 uses transition:Forwards_Neutral
2018-11-06 18:08:43 EXEC TRACE - Gearbox@obj0 enters state:Neutral
2018-11-06 18:08:44 EXEC TRACE - Gearbox@obj0 processes signal:Forward
2018-11-06 18:08:44 EXEC TRACE - Gearbox@obj0 leaves state:Neutral
2018-11-06 18:08:45 EXEC TRACE - Gearbox@obj0 uses transition:Neutral_Forwards
2018-11-06 18:08:46 EXEC TRACE - Gearbox@obj0 enters composite_state:Forwards
2018-11-06 18:08:47 EXEC TRACE - Gearbox@obj0 enters initial:FInit
2018-11-06 18:08:49 EXEC TRACE - Gearbox@obj0 leaves initial:FInit
2018-11-06 18:08:50 EXEC TRACE - Gearbox@obj0 uses transition:FInit_F1
2018-11-06 18:08:51 EXEC TRACE - Gearbox@obj0 enters state:F1
2018-11-06 18:08:52 EXEC TRACE - Gearbox@obj0 processes signal:Backward
2018-11-06 18:08:52 EXEC TRACE - Gearbox@obj0 leaves state:F1
2018-11-06 18:08:53 EXEC TRACE - Gearbox@obj0 leaves composite_state:Forwards
2018-11-06 18:08:54 EXEC TRACE - Gearbox@obj0 uses transition:Forwards_Neutral
2018-11-06 18:13:26 EXEC TRACE - Gearbox@obj0 enters state:Neutral
2018-11-06 18:13:27 EXEC TRACE - Engine@obj1 processes signal:EngineOn
2018-11-06 18:13:27 EXEC TRACE - Engine@obj1 leaves state:Stopped
2018-11-06 18:13:28 EXEC TRACE - Engine@obj1 uses transition:Stopped_Working
2018-11-06 18:13:29 EXEC TRACE - Engine@obj1 enters state:Working
2018-11-06 18:13:30 EXEC TRACE - Engine@obj1 processes signal:EngineOff
2018-11-06 18:13:30 EXEC TRACE - Engine@obj1 leaves state:Working
2018-11-06 18:13:31 EXEC TRACE - Engine@obj1 uses transition:Working_Stopped
2018-11-06 18:13:32 EXEC TRACE - Engine@obj1 enters state:Stopped
2018-11-06 18:13:33 EXEC TRACE - Lamp@obj2 processes signal:LightOff
2018-11-06 18:13:33 EXEC TRACE - Lamp@obj2 leaves state:Light
2018-11-06 18:13:34 EXEC TRACE - Lamp@obj2 uses transition:Light_Dark2
2018-11-06 18:13:35 EXEC TRACE - Lamp@obj2 enters state:Dark
2018-11-06 18:13:36 EXEC TRACE - Engine@obj1 processes signal:EngineOn
2018-11-06 18:13:36 EXEC TRACE - Engine@obj1 leaves state:Stopped
2018-11-06 18:13:37 EXEC TRACE - Engine@obj1 uses transition:Stopped_Working
2018-11-06 18:13:38 EXEC TRACE - Engine@obj1 enters state:Working
2018-11-06 18:13:39 EXEC TRACE - Engine@obj1 processes signal:EngineOff
2018-11-06 18:13:39 EXEC TRACE - Engine@obj1 leaves state:Working
2018-11-06 18:13:40 EXEC TRACE - Engine@obj1 uses transition:Working_Stopped
2018-11-06 18:13:41 EXEC TRACE - Engine@obj1 enters state:Stopped
2018-11-06 18:13:43 EXEC TRACE - Lamp@obj2 processes signal:LightOff
2018-11-06 18:13:43 EXEC  WARN - A signal arrived to model object Lamp@obj2 but it was not processed by the object's state machine. The signal was: signal:LightOff
2018-11-06 18:13:43 EXEC TRACE - Engine@obj1 processes signal:EngineOn
2018-11-06 18:13:43 EXEC TRACE - Engine@obj1 leaves state:Stopped
2018-11-06 18:13:44 EXEC TRACE - Engine@obj1 uses transition:Stopped_Working
2018-11-06 18:13:45 EXEC TRACE - Engine@obj1 enters state:Working
2018-11-06 18:13:46 EXEC TRACE - Engine@obj1 processes signal:EngineOff
2018-11-06 18:13:46 EXEC TRACE - Engine@obj1 leaves state:Working
2018-11-06 18:13:47 EXEC TRACE - Engine@obj1 uses transition:Working_Stopped
2018-11-06 18:13:48 EXEC TRACE - Engine@obj1 enters state:Stopped
2018-11-25 16:29:50 EXEC TRACE - Model executor started.
2018-11-25 16:29:52 EXEC TRACE - Gearbox@obj0 leaves initial:Init
2018-11-25 16:29:52 EXEC TRACE - Gearbox@obj0 uses transition:Init_Neutral
2018-11-25 16:29:52 EXEC TRACE - Gearbox@obj0 enters state:Neutral
2018-11-25 16:29:52 EXEC TRACE - Engine@obj1 leaves initial:Init
2018-11-25 16:29:52 EXEC TRACE - Engine@obj1 uses transition:Init_Stopped
2018-11-25 16:29:52 EXEC TRACE - Engine@obj1 enters state:Stopped
2018-11-25 16:29:52 EXEC TRACE - Lamp@obj2 leaves initial:Init
2018-11-25 16:29:52 EXEC TRACE - Lamp@obj2 uses transition:Init_Dark
2018-11-25 16:29:52 EXEC TRACE - Lamp@obj2 enters state:Dark
2018-11-25 16:29:52 USER  INFO - 
2018-11-25 16:29:52 EXEC TRACE - Lamp@obj2 processes signal:SwitchLight
2018-11-25 16:29:52 EXEC TRACE - Lamp@obj2 leaves state:Dark
2018-11-25 16:29:52 EXEC TRACE - Lamp@obj2 uses transition:Dark_Light
2018-11-25 16:29:52 EXEC TRACE - Lamp@obj2 enters state:Light
2018-11-25 16:29:52 USER  INFO - 
2018-11-25 16:29:52 EXEC TRACE - Lamp@obj2 processes signal:SwitchLight
2018-11-25 16:29:52 EXEC TRACE - Lamp@obj2 leaves state:Light
2018-11-25 16:29:52 EXEC TRACE - Lamp@obj2 uses transition:Light_Dark
2018-11-25 16:29:52 EXEC TRACE - Lamp@obj2 enters state:Dark
2018-11-25 16:29:52 USER  INFO - 
2018-11-25 16:29:52 EXEC TRACE - Lamp@obj2 processes signal:SwitchLight
2018-11-25 16:29:52 EXEC TRACE - Lamp@obj2 leaves state:Dark
2018-11-25 16:29:52 EXEC TRACE - Lamp@obj2 uses transition:Dark_Light
2018-11-25 16:29:52 EXEC TRACE - Lamp@obj2 enters state:Light
2018-11-25 16:29:52 USER  INFO - 
2018-11-25 16:29:52 EXEC TRACE - Gearbox@obj0 processes signal:Forward
2018-11-25 16:29:52 EXEC TRACE - Gearbox@obj0 leaves state:Neutral
2018-11-25 16:29:52 EXEC TRACE - Gearbox@obj0 uses transition:Neutral_Forwards
2018-11-25 16:29:52 EXEC TRACE - Gearbox@obj0 enters composite_state:Forwards
2018-11-25 16:29:52 EXEC TRACE - Gearbox@obj0 enters initial:FInit
2018-11-25 16:29:52 EXEC TRACE - Gearbox@obj0 leaves initial:FInit
2018-11-25 16:29:52 EXEC TRACE - Gearbox@obj0 uses transition:FInit_F1
2018-11-25 16:29:52 EXEC TRACE - Gearbox@obj0 enters state:F1
2018-11-25 16:29:52 EXEC TRACE - Engine@obj1 processes signal:EngineOn
2018-11-25 16:29:52 EXEC TRACE - Engine@obj1 leaves state:Stopped
2018-11-25 16:29:52 EXEC TRACE - Engine@obj1 uses transition:Stopped_Working
2018-11-25 16:29:52 EXEC TRACE - Engine@obj1 enters state:Working
2018-11-25 16:29:52 USER  INFO - 
2018-11-25 16:29:52 EXEC TRACE - Gearbox@obj0 processes signal:Backward
2018-11-25 16:29:52 EXEC TRACE - Gearbox@obj0 leaves state:F1
2018-11-25 16:29:52 EXEC TRACE - Gearbox@obj0 leaves composite_state:Forwards
2018-11-25 16:29:52 EXEC TRACE - Gearbox@obj0 uses transition:Forwards_Neutral
2018-11-25 16:29:52 EXEC TRACE - Gearbox@obj0 enters state:Neutral
2018-11-25 16:29:52 EXEC TRACE - Engine@obj1 processes signal:EngineOff
2018-11-25 16:29:52 EXEC TRACE - Engine@obj1 leaves state:Working
2018-11-25 16:29:52 EXEC TRACE - Engine@obj1 uses transition:Working_Stopped
2018-11-25 16:29:52 EXEC TRACE - Engine@obj1 enters state:Stopped
2018-11-25 16:29:52 EXEC TRACE - Lamp@obj2 processes signal:LightOff
2018-11-25 16:29:52 EXEC TRACE - Lamp@obj2 leaves state:Light
2018-11-25 16:29:52 EXEC TRACE - Lamp@obj2 uses transition:Light_Dark2
2018-11-25 16:29:52 EXEC TRACE - Lamp@obj2 enters state:Dark
2018-11-25 16:29:52 USER  INFO - 
2018-11-25 16:29:52 EXEC TRACE - Gearbox@obj0 processes signal:Forward
2018-11-25 16:29:52 EXEC TRACE - Gearbox@obj0 leaves state:Neutral
2018-11-25 16:29:52 EXEC TRACE - Gearbox@obj0 uses transition:Neutral_Forwards
2018-11-25 16:29:52 EXEC TRACE - Gearbox@obj0 enters composite_state:Forwards
2018-11-25 16:29:52 EXEC TRACE - Gearbox@obj0 enters initial:FInit
2018-11-25 16:29:52 EXEC TRACE - Gearbox@obj0 leaves initial:FInit
2018-11-25 16:29:52 EXEC TRACE - Gearbox@obj0 uses transition:FInit_F1
2018-11-25 16:29:52 EXEC TRACE - Gearbox@obj0 enters state:F1
2018-11-25 16:29:52 EXEC TRACE - Engine@obj1 processes signal:EngineOn
2018-11-25 16:29:52 EXEC TRACE - Engine@obj1 leaves state:Stopped
2018-11-25 16:29:52 EXEC TRACE - Engine@obj1 uses transition:Stopped_Working
2018-11-25 16:29:52 EXEC TRACE - Engine@obj1 enters state:Working
2018-11-25 16:29:52 USER  INFO - 
2018-11-25 16:29:52 EXEC TRACE - Gearbox@obj0 processes signal:Backward
2018-11-25 16:29:52 EXEC TRACE - Gearbox@obj0 leaves state:F1
2018-11-25 16:29:52 EXEC TRACE - Gearbox@obj0 leaves composite_state:Forwards
2018-11-25 16:29:52 EXEC TRACE - Gearbox@obj0 uses transition:Forwards_Neutral
2018-11-25 16:29:52 EXEC TRACE - Gearbox@obj0 enters state:Neutral
2018-11-25 16:29:52 EXEC TRACE - Engine@obj1 processes signal:EngineOff
2018-11-25 16:29:52 EXEC TRACE - Engine@obj1 leaves state:Working
2018-11-25 16:29:52 EXEC TRACE - Engine@obj1 uses transition:Working_Stopped
2018-11-25 16:29:52 EXEC TRACE - Engine@obj1 enters state:Stopped
2018-11-25 16:29:52 EXEC TRACE - Lamp@obj2 processes signal:LightOff
2018-11-25 16:29:52 EXEC  WARN - A signal arrived to model object Lamp@obj2 but it was not processed by the object's state machine. The signal was: signal:LightOff
2018-11-25 16:29:53 USER  INFO - 
2018-11-25 16:29:53 EXEC TRACE - Gearbox@obj0 processes signal:Forward
2018-11-25 16:29:53 EXEC TRACE - Gearbox@obj0 leaves state:Neutral
2018-11-25 16:29:53 EXEC TRACE - Gearbox@obj0 uses transition:Neutral_Forwards
2018-11-25 16:29:53 EXEC TRACE - Gearbox@obj0 enters composite_state:Forwards
2018-11-25 16:29:53 EXEC TRACE - Gearbox@obj0 enters initial:FInit
2018-11-25 16:29:53 EXEC TRACE - Gearbox@obj0 leaves initial:FInit
2018-11-25 16:29:53 EXEC TRACE - Gearbox@obj0 uses transition:FInit_F1
2018-11-25 16:29:53 EXEC TRACE - Gearbox@obj0 enters state:F1
2018-11-25 16:29:53 EXEC TRACE - Engine@obj1 processes signal:EngineOn
2018-11-25 16:29:53 EXEC TRACE - Engine@obj1 leaves state:Stopped
2018-11-25 16:29:53 EXEC TRACE - Engine@obj1 uses transition:Stopped_Working
2018-11-25 16:29:53 EXEC TRACE - Engine@obj1 enters state:Working
2018-11-25 16:29:53 USER  INFO - 
2018-11-25 16:29:53 EXEC TRACE - Gearbox@obj0 processes signal:Backward
2018-11-25 16:29:53 EXEC TRACE - Gearbox@obj0 leaves state:F1
2018-11-25 16:29:53 EXEC TRACE - Gearbox@obj0 leaves composite_state:Forwards
2018-11-25 16:29:53 EXEC TRACE - Gearbox@obj0 uses transition:Forwards_Neutral
2018-11-25 16:29:53 EXEC TRACE - Gearbox@obj0 enters state:Neutral
2018-11-25 16:29:53 EXEC TRACE - Engine@obj1 processes signal:EngineOff
2018-11-25 16:29:53 EXEC TRACE - Engine@obj1 leaves state:Working
2018-11-25 16:29:53 EXEC TRACE - Engine@obj1 uses transition:Working_Stopped
2018-11-25 16:29:53 EXEC TRACE - Engine@obj1 enters state:Stopped
2018-11-25 16:29:53 EXEC TRACE - Lamp@obj2 processes signal:LightOff
2018-11-25 16:29:53 EXEC  WARN - A signal arrived to model object Lamp@obj2 but it was not processed by the object's state machine. The signal was: signal:LightOff
2018-11-25 16:29:53 EXEC TRACE - Model executor terminated.
2018-11-25 16:36:29 EXEC TRACE - Model executor started.
2018-11-25 16:36:30 EXEC TRACE - Gearbox@obj0 leaves initial:Init
2018-11-25 16:36:30 EXEC TRACE - Gearbox@obj0 uses transition:Init_Neutral
2018-11-25 16:36:30 EXEC TRACE - Gearbox@obj0 enters state:Neutral
2018-11-25 16:36:30 EXEC TRACE - Engine@obj1 leaves initial:Init
2018-11-25 16:36:30 EXEC TRACE - Engine@obj1 uses transition:Init_Stopped
2018-11-25 16:36:30 EXEC TRACE - Engine@obj1 enters state:Stopped
2018-11-25 16:36:30 EXEC TRACE - Lamp@obj2 leaves initial:Init
2018-11-25 16:36:30 EXEC TRACE - Lamp@obj2 uses transition:Init_Dark
2018-11-25 16:36:30 EXEC TRACE - Lamp@obj2 enters state:Dark
2018-11-25 16:36:30 USER  INFO - 
2018-11-25 16:36:30 EXEC TRACE - Lamp@obj2 processes signal:SwitchLight
2018-11-25 16:36:30 EXEC TRACE - Lamp@obj2 leaves state:Dark
2018-11-25 16:36:30 EXEC TRACE - Lamp@obj2 uses transition:Dark_Light
2018-11-25 16:36:30 EXEC TRACE - Lamp@obj2 enters state:Light
2018-11-25 16:36:30 USER  INFO - 
2018-11-25 16:36:30 EXEC TRACE - Lamp@obj2 processes signal:SwitchLight
2018-11-25 16:36:30 EXEC TRACE - Lamp@obj2 leaves state:Light
2018-11-25 16:36:30 EXEC TRACE - Lamp@obj2 uses transition:Light_Dark
2018-11-25 16:36:30 EXEC TRACE - Lamp@obj2 enters state:Dark
2018-11-25 16:36:31 USER  INFO - 
2018-11-25 16:36:31 EXEC TRACE - Lamp@obj2 processes signal:SwitchLight
2018-11-25 16:36:31 EXEC TRACE - Lamp@obj2 leaves state:Dark
2018-11-25 16:36:31 EXEC TRACE - Lamp@obj2 uses transition:Dark_Light
2018-11-25 16:36:31 EXEC TRACE - Lamp@obj2 enters state:Light
2018-11-25 16:36:31 USER  INFO - 
2018-11-25 16:36:31 EXEC TRACE - Gearbox@obj0 processes signal:Forward
2018-11-25 16:36:31 EXEC TRACE - Gearbox@obj0 leaves state:Neutral
2018-11-25 16:36:31 EXEC TRACE - Gearbox@obj0 uses transition:Neutral_Forwards
2018-11-25 16:36:31 EXEC TRACE - Gearbox@obj0 enters composite_state:Forwards
2018-11-25 16:36:31 EXEC TRACE - Gearbox@obj0 enters initial:FInit
2018-11-25 16:36:31 EXEC TRACE - Gearbox@obj0 leaves initial:FInit
2018-11-25 16:36:31 EXEC TRACE - Gearbox@obj0 uses transition:FInit_F1
2018-11-25 16:36:31 EXEC TRACE - Gearbox@obj0 enters state:F1
2018-11-25 16:36:31 EXEC TRACE - Engine@obj1 processes signal:EngineOn
2018-11-25 16:36:31 EXEC TRACE - Engine@obj1 leaves state:Stopped
2018-11-25 16:36:31 EXEC TRACE - Engine@obj1 uses transition:Stopped_Working
2018-11-25 16:36:31 EXEC TRACE - Engine@obj1 enters state:Working
2018-11-25 16:36:31 USER  INFO - 
2018-11-25 16:36:31 EXEC TRACE - Gearbox@obj0 processes signal:Backward
2018-11-25 16:36:31 EXEC TRACE - Gearbox@obj0 leaves state:F1
2018-11-25 16:36:31 EXEC TRACE - Gearbox@obj0 leaves composite_state:Forwards
2018-11-25 16:36:31 EXEC TRACE - Gearbox@obj0 uses transition:Forwards_Neutral
2018-11-25 16:36:31 EXEC TRACE - Gearbox@obj0 enters state:Neutral
2018-11-25 16:36:31 EXEC TRACE - Engine@obj1 processes signal:EngineOff
2018-11-25 16:36:31 EXEC TRACE - Engine@obj1 leaves state:Working
2018-11-25 16:36:31 EXEC TRACE - Engine@obj1 uses transition:Working_Stopped
2018-11-25 16:36:31 EXEC TRACE - Engine@obj1 enters state:Stopped
2018-11-25 16:36:31 EXEC TRACE - Lamp@obj2 processes signal:LightOff
2018-11-25 16:36:31 EXEC TRACE - Lamp@obj2 leaves state:Light
2018-11-25 16:36:31 EXEC TRACE - Lamp@obj2 uses transition:Light_Dark2
2018-11-25 16:36:31 EXEC TRACE - Lamp@obj2 enters state:Dark
2018-11-25 16:36:31 USER  INFO - 
2018-11-25 16:36:31 EXEC TRACE - Gearbox@obj0 processes signal:Forward
2018-11-25 16:36:31 EXEC TRACE - Gearbox@obj0 leaves state:Neutral
2018-11-25 16:36:31 EXEC TRACE - Gearbox@obj0 uses transition:Neutral_Forwards
2018-11-25 16:36:31 EXEC TRACE - Gearbox@obj0 enters composite_state:Forwards
2018-11-25 16:36:31 EXEC TRACE - Gearbox@obj0 enters initial:FInit
2018-11-25 16:36:31 EXEC TRACE - Gearbox@obj0 leaves initial:FInit
2018-11-25 16:36:31 EXEC TRACE - Gearbox@obj0 uses transition:FInit_F1
2018-11-25 16:36:31 EXEC TRACE - Gearbox@obj0 enters state:F1
2018-11-25 16:36:31 EXEC TRACE - Engine@obj1 processes signal:EngineOn
2018-11-25 16:36:31 EXEC TRACE - Engine@obj1 leaves state:Stopped
2018-11-25 16:36:31 EXEC TRACE - Engine@obj1 uses transition:Stopped_Working
2018-11-25 16:36:31 EXEC TRACE - Engine@obj1 enters state:Working
2018-11-25 16:36:31 USER  INFO - 
2018-11-25 16:36:31 EXEC TRACE - Gearbox@obj0 processes signal:Backward
2018-11-25 16:36:31 EXEC TRACE - Gearbox@obj0 leaves state:F1
2018-11-25 16:36:31 EXEC TRACE - Gearbox@obj0 leaves composite_state:Forwards
2018-11-25 16:36:31 EXEC TRACE - Gearbox@obj0 uses transition:Forwards_Neutral
2018-11-25 16:36:31 EXEC TRACE - Gearbox@obj0 enters state:Neutral
2018-11-25 16:36:31 EXEC TRACE - Engine@obj1 processes signal:EngineOff
2018-11-25 16:36:31 EXEC TRACE - Engine@obj1 leaves state:Working
2018-11-25 16:36:31 EXEC TRACE - Engine@obj1 uses transition:Working_Stopped
2018-11-25 16:36:31 EXEC TRACE - Engine@obj1 enters state:Stopped
2018-11-25 16:36:31 EXEC TRACE - Lamp@obj2 processes signal:LightOff
2018-11-25 16:36:31 EXEC  WARN - A signal arrived to model object Lamp@obj2 but it was not processed by the object's state machine. The signal was: signal:LightOff
2018-11-25 16:36:31 USER  INFO - 
2018-11-25 16:36:31 EXEC TRACE - Gearbox@obj0 processes signal:Forward
2018-11-25 16:36:31 EXEC TRACE - Gearbox@obj0 leaves state:Neutral
2018-11-25 16:36:31 EXEC TRACE - Gearbox@obj0 uses transition:Neutral_Forwards
2018-11-25 16:36:31 EXEC TRACE - Gearbox@obj0 enters composite_state:Forwards
2018-11-25 16:36:31 EXEC TRACE - Gearbox@obj0 enters initial:FInit
2018-11-25 16:36:31 EXEC TRACE - Gearbox@obj0 leaves initial:FInit
2018-11-25 16:36:31 EXEC TRACE - Gearbox@obj0 uses transition:FInit_F1
2018-11-25 16:36:31 EXEC TRACE - Gearbox@obj0 enters state:F1
2018-11-25 16:36:31 EXEC TRACE - Engine@obj1 processes signal:EngineOn
2018-11-25 16:36:31 EXEC TRACE - Engine@obj1 leaves state:Stopped
2018-11-25 16:36:31 EXEC TRACE - Engine@obj1 uses transition:Stopped_Working
2018-11-25 16:36:31 EXEC TRACE - Engine@obj1 enters state:Working
2018-11-25 16:36:31 USER  INFO - 
2018-11-25 16:36:31 EXEC TRACE - Gearbox@obj0 processes signal:Backward
2018-11-25 16:36:31 EXEC TRACE - Gearbox@obj0 leaves state:F1
2018-11-25 16:36:31 EXEC TRACE - Gearbox@obj0 leaves composite_state:Forwards
2018-11-25 16:36:31 EXEC TRACE - Gearbox@obj0 uses transition:Forwards_Neutral
2018-11-25 16:36:31 EXEC TRACE - Gearbox@obj0 enters state:Neutral
2018-11-25 16:36:31 EXEC TRACE - Engine@obj1 processes signal:EngineOff
2018-11-25 16:36:31 EXEC TRACE - Engine@obj1 leaves state:Working
2018-11-25 16:36:31 EXEC TRACE - Engine@obj1 uses transition:Working_Stopped
2018-11-25 16:36:31 EXEC TRACE - Engine@obj1 enters state:Stopped
2018-11-25 16:36:31 EXEC TRACE - Lamp@obj2 processes signal:LightOff
2018-11-25 16:36:31 EXEC  WARN - A signal arrived to model object Lamp@obj2 but it was not processed by the object's state machine. The signal was: signal:LightOff
2018-11-25 16:36:31 EXEC TRACE - Model executor terminated.
2018-11-25 19:08:30 EXEC TRACE - Model executor started.
2018-11-25 19:08:32 EXEC TRACE - Gearbox@obj0 leaves initial:Init
2018-11-25 19:08:32 EXEC TRACE - Gearbox@obj0 uses transition:Init_Neutral
2018-11-25 19:08:32 EXEC TRACE - Gearbox@obj0 enters state:Neutral
2018-11-25 19:08:32 EXEC TRACE - Engine@obj1 leaves initial:Init
2018-11-25 19:08:32 EXEC TRACE - Engine@obj1 uses transition:Init_Stopped
2018-11-25 19:08:32 EXEC TRACE - Engine@obj1 enters state:Stopped
2018-11-25 19:08:32 EXEC TRACE - Lamp@obj2 leaves initial:Init
2018-11-25 19:08:32 EXEC TRACE - Lamp@obj2 uses transition:Init_Dark
2018-11-25 19:08:32 EXEC TRACE - Lamp@obj2 enters state:Dark
2018-11-25 19:08:32 USER  INFO - 
2018-11-25 19:08:32 EXEC TRACE - Lamp@obj2 processes signal:SwitchLight
2018-11-25 19:08:32 EXEC TRACE - Lamp@obj2 leaves state:Dark
2018-11-25 19:08:32 EXEC TRACE - Lamp@obj2 uses transition:Dark_Light
2018-11-25 19:08:32 EXEC TRACE - Lamp@obj2 enters state:Light
2018-11-25 19:08:32 USER  INFO - 
2018-11-25 19:08:32 EXEC TRACE - Lamp@obj2 processes signal:SwitchLight
2018-11-25 19:08:32 EXEC TRACE - Lamp@obj2 leaves state:Light
2018-11-25 19:08:32 EXEC TRACE - Lamp@obj2 uses transition:Light_Dark
2018-11-25 19:08:32 EXEC TRACE - Lamp@obj2 enters state:Dark
2018-11-25 19:08:32 USER  INFO - 
2018-11-25 19:08:32 EXEC TRACE - Lamp@obj2 processes signal:SwitchLight
2018-11-25 19:08:32 EXEC TRACE - Lamp@obj2 leaves state:Dark
2018-11-25 19:08:32 EXEC TRACE - Lamp@obj2 uses transition:Dark_Light
2018-11-25 19:08:32 EXEC TRACE - Lamp@obj2 enters state:Light
2018-11-25 19:08:33 USER  INFO - 
2018-11-25 19:08:33 EXEC TRACE - Gearbox@obj0 processes signal:Forward
2018-11-25 19:08:33 EXEC TRACE - Gearbox@obj0 leaves state:Neutral
2018-11-25 19:08:33 EXEC TRACE - Gearbox@obj0 uses transition:Neutral_Forwards
2018-11-25 19:08:33 EXEC TRACE - Gearbox@obj0 enters composite_state:Forwards
2018-11-25 19:08:33 EXEC TRACE - Gearbox@obj0 enters initial:FInit
2018-11-25 19:08:33 EXEC TRACE - Gearbox@obj0 leaves initial:FInit
2018-11-25 19:08:33 EXEC TRACE - Gearbox@obj0 uses transition:FInit_F1
2018-11-25 19:08:33 EXEC TRACE - Gearbox@obj0 enters state:F1
2018-11-25 19:08:33 EXEC TRACE - Engine@obj1 processes signal:EngineOn
2018-11-25 19:08:33 EXEC TRACE - Engine@obj1 leaves state:Stopped
2018-11-25 19:08:33 EXEC TRACE - Engine@obj1 uses transition:Stopped_Working
2018-11-25 19:08:33 EXEC TRACE - Engine@obj1 enters state:Working
2018-11-25 19:08:33 USER  INFO - 
2018-11-25 19:08:33 EXEC TRACE - Gearbox@obj0 processes signal:Backward
2018-11-25 19:08:33 EXEC TRACE - Gearbox@obj0 leaves state:F1
2018-11-25 19:08:33 EXEC TRACE - Gearbox@obj0 leaves composite_state:Forwards
2018-11-25 19:08:33 EXEC TRACE - Gearbox@obj0 uses transition:Forwards_Neutral
2018-11-25 19:08:33 EXEC TRACE - Gearbox@obj0 enters state:Neutral
2018-11-25 19:08:33 EXEC TRACE - Engine@obj1 processes signal:EngineOff
2018-11-25 19:08:33 EXEC TRACE - Engine@obj1 leaves state:Working
2018-11-25 19:08:33 EXEC TRACE - Engine@obj1 uses transition:Working_Stopped
2018-11-25 19:08:33 EXEC TRACE - Engine@obj1 enters state:Stopped
2018-11-25 19:08:33 EXEC TRACE - Lamp@obj2 processes signal:LightOff
2018-11-25 19:08:33 EXEC TRACE - Lamp@obj2 leaves state:Light
2018-11-25 19:08:33 EXEC TRACE - Lamp@obj2 uses transition:Light_Dark2
2018-11-25 19:08:33 EXEC TRACE - Lamp@obj2 enters state:Dark
2018-11-25 19:08:33 USER  INFO - 
2018-11-25 19:08:33 EXEC TRACE - Gearbox@obj0 processes signal:Forward
2018-11-25 19:08:33 EXEC TRACE - Gearbox@obj0 leaves state:Neutral
2018-11-25 19:08:33 EXEC TRACE - Gearbox@obj0 uses transition:Neutral_Forwards
2018-11-25 19:08:33 EXEC TRACE - Gearbox@obj0 enters composite_state:Forwards
2018-11-25 19:08:33 EXEC TRACE - Gearbox@obj0 enters initial:FInit
2018-11-25 19:08:33 EXEC TRACE - Gearbox@obj0 leaves initial:FInit
2018-11-25 19:08:33 EXEC TRACE - Gearbox@obj0 uses transition:FInit_F1
2018-11-25 19:08:33 EXEC TRACE - Gearbox@obj0 enters state:F1
2018-11-25 19:08:33 EXEC TRACE - Engine@obj1 processes signal:EngineOn
2018-11-25 19:08:33 EXEC TRACE - Engine@obj1 leaves state:Stopped
2018-11-25 19:08:33 EXEC TRACE - Engine@obj1 uses transition:Stopped_Working
2018-11-25 19:08:33 EXEC TRACE - Engine@obj1 enters state:Working
2018-11-25 19:08:33 USER  INFO - 
2018-11-25 19:08:33 EXEC TRACE - Gearbox@obj0 processes signal:Backward
2018-11-25 19:08:33 EXEC TRACE - Gearbox@obj0 leaves state:F1
2018-11-25 19:08:33 EXEC TRACE - Gearbox@obj0 leaves composite_state:Forwards
2018-11-25 19:08:33 EXEC TRACE - Gearbox@obj0 uses transition:Forwards_Neutral
2018-11-25 19:08:33 EXEC TRACE - Gearbox@obj0 enters state:Neutral
2018-11-25 19:08:33 EXEC TRACE - Engine@obj1 processes signal:EngineOff
2018-11-25 19:08:33 EXEC TRACE - Engine@obj1 leaves state:Working
2018-11-25 19:08:33 EXEC TRACE - Engine@obj1 uses transition:Working_Stopped
2018-11-25 19:08:33 EXEC TRACE - Engine@obj1 enters state:Stopped
2018-11-25 19:08:33 EXEC TRACE - Lamp@obj2 processes signal:LightOff
2018-11-25 19:08:33 EXEC  WARN - A signal arrived to model object Lamp@obj2 but it was not processed by the object's state machine. The signal was: signal:LightOff
2018-11-25 19:08:33 USER  INFO - 
2018-11-25 19:08:33 EXEC TRACE - Gearbox@obj0 processes signal:Forward
2018-11-25 19:08:33 EXEC TRACE - Gearbox@obj0 leaves state:Neutral
2018-11-25 19:08:33 EXEC TRACE - Gearbox@obj0 uses transition:Neutral_Forwards
2018-11-25 19:08:33 EXEC TRACE - Gearbox@obj0 enters composite_state:Forwards
2018-11-25 19:08:33 EXEC TRACE - Gearbox@obj0 enters initial:FInit
2018-11-25 19:08:33 EXEC TRACE - Gearbox@obj0 leaves initial:FInit
2018-11-25 19:08:33 EXEC TRACE - Gearbox@obj0 uses transition:FInit_F1
2018-11-25 19:08:33 EXEC TRACE - Gearbox@obj0 enters state:F1
2018-11-25 19:08:33 EXEC TRACE - Engine@obj1 processes signal:EngineOn
2018-11-25 19:08:33 EXEC TRACE - Engine@obj1 leaves state:Stopped
2018-11-25 19:08:33 EXEC TRACE - Engine@obj1 uses transition:Stopped_Working
2018-11-25 19:08:33 EXEC TRACE - Engine@obj1 enters state:Working
2018-11-25 19:08:33 USER  INFO - 
2018-11-25 19:08:33 EXEC TRACE - Gearbox@obj0 processes signal:Backward
2018-11-25 19:08:33 EXEC TRACE - Gearbox@obj0 leaves state:F1
2018-11-25 19:08:33 EXEC TRACE - Gearbox@obj0 leaves composite_state:Forwards
2018-11-25 19:08:33 EXEC TRACE - Gearbox@obj0 uses transition:Forwards_Neutral
2018-11-25 19:08:33 EXEC TRACE - Gearbox@obj0 enters state:Neutral
2018-11-25 19:08:33 EXEC TRACE - Engine@obj1 processes signal:EngineOff
2018-11-25 19:08:33 EXEC TRACE - Engine@obj1 leaves state:Working
2018-11-25 19:08:33 EXEC TRACE - Engine@obj1 uses transition:Working_Stopped
2018-11-25 19:08:33 EXEC TRACE - Engine@obj1 enters state:Stopped
2018-11-25 19:08:33 EXEC TRACE - Lamp@obj2 processes signal:LightOff
2018-11-25 19:08:33 EXEC  WARN - A signal arrived to model object Lamp@obj2 but it was not processed by the object's state machine. The signal was: signal:LightOff
2018-11-25 19:08:33 EXEC TRACE - Model executor terminated.
2018-11-29 19:49:02 EXEC TRACE - Model executor started.
2018-11-29 19:49:03 EXEC TRACE - Gearbox@obj0 leaves initial:Init
2018-11-29 19:49:03 EXEC TRACE - Gearbox@obj0 uses transition:Init_Neutral
2018-11-29 19:49:03 EXEC TRACE - Gearbox@obj0 enters state:Neutral
2018-11-29 19:49:03 EXEC TRACE - Engine@obj1 leaves initial:Init
2018-11-29 19:49:03 EXEC TRACE - Engine@obj1 uses transition:Init_Stopped
2018-11-29 19:49:03 EXEC TRACE - Engine@obj1 enters state:Stopped
2018-11-29 19:49:03 EXEC TRACE - Lamp@obj2 leaves initial:Init
2018-11-29 19:49:03 EXEC TRACE - Lamp@obj2 uses transition:Init_Dark
2018-11-29 19:49:03 EXEC TRACE - Lamp@obj2 enters state:Dark
2018-11-29 19:49:03 USER  INFO - 
2018-11-29 19:49:03 EXEC TRACE - Lamp@obj2 processes signal:SwitchLight
2018-11-29 19:49:03 EXEC TRACE - Lamp@obj2 leaves state:Dark
2018-11-29 19:49:03 EXEC TRACE - Lamp@obj2 uses transition:Dark_Light
2018-11-29 19:49:03 EXEC TRACE - Lamp@obj2 enters state:Light
2018-11-29 19:49:03 USER  INFO - 
2018-11-29 19:49:03 EXEC TRACE - Lamp@obj2 processes signal:SwitchLight
2018-11-29 19:49:03 EXEC TRACE - Lamp@obj2 leaves state:Light
2018-11-29 19:49:03 EXEC TRACE - Lamp@obj2 uses transition:Light_Dark
2018-11-29 19:49:03 EXEC TRACE - Lamp@obj2 enters state:Dark
2018-11-29 19:49:03 USER  INFO - 
2018-11-29 19:49:03 EXEC TRACE - Lamp@obj2 processes signal:SwitchLight
2018-11-29 19:49:03 EXEC TRACE - Lamp@obj2 leaves state:Dark
2018-11-29 19:49:03 EXEC TRACE - Lamp@obj2 uses transition:Dark_Light
2018-11-29 19:49:03 EXEC TRACE - Lamp@obj2 enters state:Light
2018-11-29 19:49:04 USER  INFO - 
2018-11-29 19:49:04 EXEC TRACE - Gearbox@obj0 processes signal:Forward
2018-11-29 19:49:04 EXEC TRACE - Gearbox@obj0 leaves state:Neutral
2018-11-29 19:49:04 EXEC TRACE - Gearbox@obj0 uses transition:Neutral_Forwards
2018-11-29 19:49:04 SYS  FATAL - Error thrown on a model executor thread (id: 0). The thread now stops.
hu.elte.txtuml.api.model.error.LowerBoundError: Collection type hu.elte.txtuml.api.model.One cannot be created with 1 elements.
	at hu.elte.txtuml.api.model.execution.impl.assoc.AssociationEndRuntime$1.getCollectionOfTargetType(AssociationEndRuntime.java:84)
	at hu.elte.txtuml.api.model.execution.impl.base.AbstractModelClassRuntime.navigateThroughAssociation(AbstractModelClassRuntime.java:115)
	at hu.elte.txtuml.api.model.ModelClass.assoc(ModelClass.java:206)
	at train.j.model.Gearbox.startEngineOp(Gearbox.java:131)
	at train.j.model.Gearbox$Neutral_Forwards.effect(Gearbox.java:90)
	at hu.elte.txtuml.api.model.execution.impl.sm.TransitionWrapper.performEffect(TransitionWrapper.java:33)
	at hu.elte.txtuml.api.model.execution.impl.base.AbstractModelClassRuntime.executeTransition(AbstractModelClassRuntime.java:324)
	at hu.elte.txtuml.api.model.execution.impl.base.AbstractModelClassRuntime.findAndExecuteTransition(AbstractModelClassRuntime.java:236)
	at hu.elte.txtuml.api.model.execution.impl.base.AbstractModelClassRuntime.process(AbstractModelClassRuntime.java:163)
	at hu.elte.txtuml.api.model.execution.impl.base.AbstractModelClassRuntime.receive(AbstractModelClassRuntime.java:120)
	at hu.elte.txtuml.api.model.execution.impl.base.FIFOExecutorThread.lambda$1(FIFOExecutorThread.java:40)
	at hu.elte.txtuml.api.model.execution.impl.base.FIFOExecutorThread.processNext(FIFOExecutorThread.java:24)
	at hu.elte.txtuml.api.model.execution.impl.base.AbstractExecutorThread.runLoop(AbstractExecutorThread.java:119)
	at hu.elte.txtuml.api.model.execution.impl.base.AbstractExecutorThread.doRun(AbstractExecutorThread.java:104)
	at hu.elte.txtuml.api.model.execution.impl.base.AbstractModelExecutor$OwnedThread.run(AbstractModelExecutor.java:458)
2018-11-29 19:49:04 EXEC TRACE - Model executor terminated.
2018-11-29 19:49:04 USER  INFO - 
2018-11-29 19:49:04 USER  INFO - 
2018-11-29 19:49:04 USER  INFO - 
2018-11-29 19:49:04 USER  INFO - 
2018-11-29 19:49:05 USER  INFO - 
